Arguments: 
  /usr/local/Cellar/node/10.0.0/bin/node /usr/local/Cellar/yarn/1.5.1_1/libexec/bin/yarn.js serve

PATH: 
  /bin:/Users/elliot/.cargo/bin:/usr/local/bin:/usr/local/sbin:/usr/bin:/bin:/usr/sbin:/sbin:/Users/elliot/go/bin:/usr/local/go/bin:/Users/elliot/.cargo/bin:/usr/local/go/bin

Yarn version: 
  1.5.1

Node version: 
  10.16.2

Platform: 
  darwin x64

npm manifest: 
  No manifest

yarn manifest: 
  No manifest

Lockfile: 
  No lockfile

Trace: 
  Error: Couldn't find a package.json file in "/Users/elliot/Documents/Projects/TutorialEdge/Projects/projects/imgur-clone-vuejs-nodejs"
      at new MessageError (/usr/local/Cellar/yarn/1.5.1_1/libexec/lib/cli.js:186:110)
      at /usr/local/Cellar/yarn/1.5.1_1/libexec/lib/cli.js:40048:15
      at Generator.next (<anonymous>)
      at step (/usr/local/Cellar/yarn/1.5.1_1/libexec/lib/cli.js:98:30)
      at /usr/local/Cellar/yarn/1.5.1_1/libexec/lib/cli.js:109:13
